[23:44:42] [main/WARN]: Ambiguity between arguments [teleport, destination] and [teleport, targets] with inputs: [Player, 0123, @e, dd12be42-52a9-4a91-a8a1-11c01849e498]
[23:44:42] [main/WARN]: Ambiguity between arguments [teleport, location] and [teleport, destination] with inputs: [0.1 -0.5 .9, 0 0 0]
[23:44:42] [main/WARN]: Ambiguity between arguments [teleport, location] and [teleport, targets] with inputs: [0.1 -0.5 .9, 0 0 0]
[23:44:42] [main/WARN]: Ambiguity between arguments [teleport, targets] and [teleport, destination] with inputs: [Player, 0123, dd12be42-52a9-4a91-a8a1-11c01849e498]
[23:44:42] [main/WARN]: Ambiguity between arguments [teleport, targets, location] and [teleport, targets, destination] with inputs: [0.1 -0.5 .9, 0 0 0]
[23:44:42] [Server thread/INFO]: Starting minecraft server version 1.15.2
[23:44:42] [Server thread/INFO]: Loading properties
[23:44:42] [Server thread/INFO]: Default game type: SURVIVAL
[23:44:42] [Server thread/INFO]: Generating keypair
[23:44:42] [Server console handler/ERROR]: Exception handling console input
java.io.IOException: Bad file descriptor
	at java.io.FileInputStream.readBytes(Native Method) ~[?:?]
	at java.io.FileInputStream.read(FileInputStream.java:279) ~[?:?]
	at java.io.BufferedInputStream.read1(BufferedInputStream.java:290) ~[?:?]
	at java.io.BufferedInputStream.read(BufferedInputStream.java:351) ~[?:?]
	at sun.nio.cs.StreamDecoder.readBytes(StreamDecoder.java:284) ~[?:?]
	at sun.nio.cs.StreamDecoder.implRead(StreamDecoder.java:326) ~[?:?]
	at sun.nio.cs.StreamDecoder.read(StreamDecoder.java:178) ~[?:?]
	at java.io.InputStreamReader.read(InputStreamReader.java:185) ~[?:?]
	at java.io.BufferedReader.fill(BufferedReader.java:161) ~[?:?]
	at java.io.BufferedReader.readLine(BufferedReader.java:326) ~[?:?]
	at java.io.BufferedReader.readLine(BufferedReader.java:392) ~[?:?]
	at wd$2.run(SourceFile:110) [server.jar:?]
[23:44:43] [Server thread/INFO]: Starting Minecraft server on *:25565
[23:44:43] [Server thread/INFO]: Using epoll channel type
[23:44:43] [Server thread/INFO]: Preparing level "world"
[23:44:43] [Server thread/INFO]: Reloading ResourceManager: Default
[23:45:04] [User Authenticator #1/INFO]: UUID of player bengermany64 is 62c3a8a4-6c00-4fbc-92e1-d4e5d065bf7b
[23:45:12] [Server thread/INFO]: Loaded 6 recipes
[23:45:13] [Server thread/INFO]: Loaded 825 advancements
[23:45:13] [Server thread/INFO]: Preparing start region for dimension minecraft:overworld
[23:45:14] [Server thread/INFO]: Preparing spawn area: 0%
[23:45:14] [Server thread/INFO]: Preparing spawn area: 0%
[23:45:14] [Server thread/INFO]: Preparing spawn area: 0%
[23:45:15] [Server thread/INFO]: Preparing spawn area: 0%
[23:45:15] [Server thread/INFO]: Preparing spawn area: 48%
[23:45:15] [Server thread/INFO]: Time elapsed: 2170 ms
[23:45:15] [Server thread/INFO]: Done (32.195s)! For help, type "help"
[23:45:15] [Server thread/INFO]: bengermany64[/52.128.53.146:35733] logged in with entity id 59 at (-206.826935977157, 66.0, -2086.211034375805)
[23:45:15] [Server thread/INFO]: bengermany64 joined the game
[23:45:38] [User Authenticator #2/INFO]: UUID of player Tyler_Long is 6eacbe29-05b5-4525-9340-062fd7bc08d7
[23:45:38] [Server thread/INFO]: Tyler_Long[/52.144.111.182:42167] logged in with entity id 477 at (-135.63760350733574, 61.0, -2037.5377825337928)
[23:45:38] [Server thread/INFO]: Tyler_Long joined the game
[23:45:46] [Server thread/INFO]: <Tyler_Long> N wodr!
[23:45:58] [Server thread/INFO]: <bengermany64> yes feet
[23:46:05] [Server thread/INFO]: <Tyler_Long> it's back baby!
[23:46:11] [Server thread/INFO]: <bengermany64> yeh
