[04:18:03] [User Authenticator #228/INFO]: UUID of player Tyler_Long is 6eacbe29-05b5-4525-9340-062fd7bc08d7
[04:18:03] [Server thread/INFO]: Tyler_Long[/52.144.111.182:27139] logged in with entity id 3134725 at (-217.34507972733957, 76.0, -2083.2973787089422)
[04:18:03] [Server thread/INFO]: Tyler_Long joined the game
[04:19:41] [User Authenticator #229/INFO]: UUID of player wildfire124 is 6a0d6fdd-c689-4f17-a951-bdd4f71078d2
[04:19:41] [Server thread/INFO]: wildfire124[/99.113.115.119:56592] logged in with entity id 3136031 at (-243.28082530111354, 77.0, -2137.4145913432963)
[04:19:41] [Server thread/INFO]: wildfire124 joined the game
[04:22:31] [User Authenticator #230/INFO]: UUID of player bengermany64 is 62c3a8a4-6c00-4fbc-92e1-d4e5d065bf7b
[04:22:31] [Server thread/INFO]: bengermany64[/52.128.53.146:12965] logged in with entity id 3137303 at (-223.42727838392057, 62.0, -2041.8704489960253)
[04:22:31] [Server thread/INFO]: bengermany64 joined the game
[04:22:37] [Server thread/INFO]: <Tyler_Long> z
[04:22:38] [User Authenticator #231/INFO]: UUID of player Dradnats is 41f55de3-cb75-4a37-83d8-e43dfea55075
[04:22:38] [Server thread/INFO]: Dradnats[/72.198.111.247:52597] logged in with entity id 3137370 at (-1708.6982421875005, 69.525, -1277.6982421875005)
[04:22:38] [Server thread/INFO]: Dradnats joined the game
[04:22:41] [Server thread/INFO]: <Tyler_Long> z
[04:22:42] [Server thread/INFO]: <Tyler_Long> z
[04:22:47] [Server thread/INFO]: Dradnats lost connection: Disconnected
[04:22:47] [Server thread/INFO]: Dradnats left the game
[04:22:55] [Server thread/INFO]: <Tyler_Long> z
[04:23:00] [Server thread/INFO]: <Tyler_Long> z >:(
[04:23:09] [Server thread/INFO]: <Tyler_Long> zee!
[04:23:11] [User Authenticator #232/INFO]: UUID of player Dradnats is 41f55de3-cb75-4a37-83d8-e43dfea55075
[04:23:11] [Server thread/INFO]: Dradnats[/72.198.111.247:52621] logged in with entity id 3137993 at (-1708.6982421875005, 69.525, -1277.6982421875005)
[04:23:11] [Server thread/INFO]: Dradnats joined the game
[04:27:28] [Server thread/WARN]: bengermany64 moved too quickly! -0.25615088849724543,0.6196041387100024,17.785954990948426
[04:29:31] [Server thread/INFO]: <Dradnats> -2136 -1100 has ice
[04:29:36] [Server thread/INFO]: <wildfire124> thanks!
[04:29:42] [Server thread/INFO]: <Dradnats> np!!
[04:29:43] [Server thread/INFO]: <Tyler_Long> 700, -2300 also
[04:29:44] [Server thread/WARN]: Fetching packet for removed entity awb['Air'/3145559, l='world', x=397.80, y=64.06, z=-94.68]
[04:29:44] [Server thread/WARN]: Fetching packet for removed entity awb['Air'/3145559, l='world', x=397.80, y=64.06, z=-94.68]
[04:29:44] [Server thread/WARN]: Fetching packet for removed entity awb['Air'/3145559, l='world', x=397.80, y=64.06, z=-94.68]
[04:32:28] [Server thread/WARN]: Tyler_Long moved too quickly! -12.121149665189392,-2.1521492252148704,-12.827894953142618
[04:32:28] [Server thread/WARN]: bengermany64 moved too quickly! -17.51118098429839,1.0247365182960522,-7.355106608315509E-4
[04:32:28] [Server thread/WARN]: Donkey (vehicle of Dradnats) moved too quickly! 8.927052611255931,0.0,5.000592540681964
[04:32:28] [Server thread/WARN]: Donkey (vehicle of Dradnats) moved too quickly! 9.277803545614006,0.0,5.134008169170784
[04:32:29] [Server thread/WARN]: Can't keep up! Is the server overloaded? Running 2212ms or 44 ticks behind
[04:32:48] [Server thread/WARN]: Can't keep up! Is the server overloaded? Running 4253ms or 85 ticks behind
[04:33:33] [Server thread/WARN]: Can't keep up! Is the server overloaded? Running 2027ms or 40 ticks behind
[04:33:51] [Server thread/WARN]: Can't keep up! Is the server overloaded? Running 3254ms or 65 ticks behind
[04:34:15] [Server thread/WARN]: Can't keep up! Is the server overloaded? Running 8560ms or 171 ticks behind
[04:34:18] [Server thread/INFO]: <Tyler_Long> maddie
[04:34:23] [Server thread/INFO]: <Tyler_Long> :nausiatedface:
[04:34:32] [Server thread/INFO]: <Tyler_Long> lip girl
[04:34:35] [Server thread/WARN]: Can't keep up! Is the server overloaded? Running 5401ms or 108 ticks behind
[04:34:46] [Server thread/INFO]: <bengermany64> :cleflip:
[04:34:52] [Server thread/INFO]: <Tyler_Long> :xd:
[04:34:58] [Server thread/WARN]: Can't keep up! Is the server overloaded? Running 8171ms or 163 ticks behind
[04:35:19] [Server thread/WARN]: Can't keep up! Is the server overloaded? Running 5823ms or 116 ticks behind
[04:35:38] [Server thread/WARN]: Can't keep up! Is the server overloaded? Running 4147ms or 82 ticks behind
[04:35:58] [Server thread/WARN]: Can't keep up! Is the server overloaded? Running 2001ms or 40 ticks behind
[04:36:18] [Server thread/WARN]: Can't keep up! Is the server overloaded? Running 2144ms or 42 ticks behind
[04:37:56] [Server thread/INFO]: bengermany64 lost connection: Disconnected
[04:37:56] [Server thread/INFO]: bengermany64 left the game
[04:38:23] [Server thread/INFO]: wildfire124 lost connection: Disconnected
[04:38:23] [Server thread/INFO]: wildfire124 left the game
[04:38:30] [Server thread/INFO]: Tyler_Long lost connection: Disconnected
[04:38:30] [Server thread/INFO]: Tyler_Long left the game
[04:53:46] [Server thread/INFO]: Dradnats lost connection: Timed out
[04:53:46] [Server thread/INFO]: Dradnats left the game
[04:53:47] [Server thread/WARN]: handleDisconnection() called twice
[04:53:58] [User Authenticator #233/INFO]: UUID of player Dradnats is 41f55de3-cb75-4a37-83d8-e43dfea55075
[04:53:58] [Server thread/INFO]: Dradnats[/72.198.111.247:53661] logged in with entity id 3161814 at (-79.65154722089315, 62.07326471152709, -441.0724038439357)
[04:53:58] [Server thread/INFO]: Dradnats joined the game
[05:35:10] [Server thread/INFO]: Dradnats lost connection: Disconnected
[05:35:10] [Server thread/INFO]: Dradnats left the game
