[00:45:25] [User Authenticator #29/INFO]: UUID of player N0VA_ow is 06569aed-1c53-4a5f-9780-294e986feeb0
[00:45:25] [Server thread/INFO]: N0VA_ow[/76.164.110.125:59320] logged in with entity id 111683 at (171.6327925510503, 72.0, 397.4986587896213)
[00:45:25] [Server thread/INFO]: N0VA_ow joined the game
[00:53:16] [Server thread/INFO]: N0VA_ow has made the advancement [Best Friends Forever]
[01:31:12] [User Authenticator #30/INFO]: UUID of player MetYourDestiny is 194a5dc7-0870-43a1-aedd-d15eb1426f83
[01:31:12] [Server thread/INFO]: MetYourDestiny[/24.253.251.220:53442] logged in with entity id 119424 at (-14.44644997132064, 75.5625, 159.69999998807907)
[01:31:12] [Server thread/INFO]: MetYourDestiny joined the game
[01:31:18] [Server thread/INFO]: <MetYourDestiny> bitch
[01:31:25] [Server thread/INFO]: <MetYourDestiny> fell into lava
[01:33:35] [Server thread/INFO]: <MetYourDestiny> what are you doing
[01:33:43] [Server thread/INFO]: <N0VA_ow> vibing
[01:33:46] [Server thread/INFO]: <MetYourDestiny> i see
[01:33:50] [Server thread/INFO]: <N0VA_ow> waiting for villager restock
[01:33:55] [Server thread/INFO]: <MetYourDestiny> where
[01:33:58] [Server thread/INFO]: <N0VA_ow> my village
[01:34:02] [Server thread/INFO]: <MetYourDestiny> where is that
[01:34:21] [Server thread/INFO]: <N0VA_ow> 279 345
[01:35:22] [Server thread/INFO]: Villager axw['Villager'/64006, l='world', x=279.76, y=68.00, z=349.94] died, message: 'Villager was pricked to death'
[01:38:26] [Server thread/INFO]: <N0VA_ow> z
[01:38:38] [Server thread/INFO]: <N0VA_ow> z
[01:38:38] [Server thread/INFO]: <N0VA_ow> z
[01:38:39] [Server thread/INFO]: <N0VA_ow> z
[01:38:39] [Server thread/INFO]: <N0VA_ow> zz
[01:38:45] [Server thread/INFO]: <N0VA_ow> thats it
[01:38:59] [Server thread/INFO]: <N0VA_ow> z
[01:39:00] [Server thread/INFO]: <N0VA_ow> z
[01:39:00] [Server thread/INFO]: <N0VA_ow> z
[01:39:01] [Server thread/INFO]: <N0VA_ow> z
[01:39:01] [Server thread/INFO]: <N0VA_ow> z
[01:51:29] [User Authenticator #31/INFO]: UUID of player Tyler_Long is 6eacbe29-05b5-4525-9340-062fd7bc08d7
[01:51:29] [Server thread/INFO]: Tyler_Long[/52.144.111.182:39563] logged in with entity id 123207 at (1177.6408489095556, 63.0, 14985.238101745106)
[01:51:29] [Server thread/INFO]: Tyler_Long joined the game
[01:54:37] [Server thread/WARN]: Can't keep up! Is the server overloaded? Running 2034ms or 40 ticks behind
[01:56:21] [User Authenticator #32/INFO]: UUID of player bengermany64 is 62c3a8a4-6c00-4fbc-92e1-d4e5d065bf7b
[01:56:21] [Server thread/INFO]: bengermany64[/52.128.53.146:32683] logged in with entity id 125732 at (-16.69999998807907, 75.0, 159.69999998807907)
[01:56:21] [Server thread/INFO]: bengermany64 joined the game
[02:00:21] [Server thread/INFO]: <N0VA_ow> Z
[02:00:34] [Server thread/INFO]: <bengermany64> z
[02:00:35] [Server thread/INFO]: Tyler_Long lost connection: Disconnected
[02:00:35] [Server thread/INFO]: Tyler_Long left the game
[02:00:42] [User Authenticator #33/INFO]: UUID of player Tyler_Long is 6eacbe29-05b5-4525-9340-062fd7bc08d7
[02:00:43] [Server thread/INFO]: Tyler_Long[/52.144.111.182:39553] logged in with entity id 127511 at (1234.571768726397, 64.0, 14972.467529500596)
[02:00:43] [Server thread/INFO]: Tyler_Long joined the game
[02:01:32] [Server thread/INFO]: <bengermany64> 1000, 14860
[02:04:40] [Server thread/WARN]: Can't keep up! Is the server overloaded? Running 2489ms or 49 ticks behind
[02:08:39] [Server thread/INFO]: <Tyler_Long> 1200, 15000
[02:09:42] [Server thread/WARN]: Can't keep up! Is the server overloaded? Running 2631ms or 52 ticks behind
[02:11:10] [Server thread/INFO]: <bengermany64> z
[02:11:10] [Server thread/INFO]: <bengermany64> z
[02:11:11] [Server thread/INFO]: <bengermany64> z
[02:11:11] [Server thread/INFO]: <bengermany64> z
[02:11:11] [Server thread/INFO]: <N0VA_ow> z
[02:11:11] [Server thread/INFO]: <bengermany64> z
[02:11:28] [Server thread/INFO]: <MetYourDestiny> z
[02:11:29] [Server thread/INFO]: <Tyler_Long> z
[02:11:29] [Server thread/INFO]: <Tyler_Long> z
[02:11:29] [Server thread/INFO]: <Tyler_Long> z
[02:11:46] [Server thread/WARN]: Can't keep up! Is the server overloaded? Running 2020ms or 40 ticks behind
[02:12:05] [Server thread/WARN]: Can't keep up! Is the server overloaded? Running 3466ms or 69 ticks behind
[02:12:23] [Server thread/WARN]: Can't keep up! Is the server overloaded? Running 3194ms or 63 ticks behind
[02:12:52] [User Authenticator #34/INFO]: UUID of player wildfire124 is 6a0d6fdd-c689-4f17-a951-bdd4f71078d2
[02:12:52] [Server thread/INFO]: wildfire124[/99.113.115.119:49837] logged in with entity id 135697 at (-55.5, 63.0, 48.5)
[02:12:52] [Server thread/INFO]: wildfire124 joined the game
[02:12:54] [Server thread/WARN]: Can't keep up! Is the server overloaded? Running 2029ms or 40 ticks behind
[02:12:59] [Server thread/INFO]: <N0VA_ow> whomst?
[02:13:12] [Server thread/INFO]: <N0VA_ow> ./ban
[02:13:13] [Server thread/WARN]: Can't keep up! Is the server overloaded? Running 2016ms or 40 ticks behind
[02:13:24] [Server thread/INFO]: <MetYourDestiny> ./stinky jacob
[02:13:30] [Server thread/WARN]: Can't keep up! Is the server overloaded? Running 2728ms or 54 ticks behind
[02:13:36] [Server thread/INFO]: <Tyler_Long> 1200, 15000
[02:13:46] [Server thread/INFO]: <Tyler_Long> 1200, 150000
[02:13:50] [Server thread/WARN]: Can't keep up! Is the server overloaded? Running 4196ms or 83 ticks behind
[02:14:09] [Server thread/WARN]: Can't keep up! Is the server overloaded? Running 4880ms or 97 ticks behind
[02:14:50] [Server thread/WARN]: Can't keep up! Is the server overloaded? Running 2021ms or 40 ticks behind
[02:15:09] [Server thread/WARN]: Can't keep up! Is the server overloaded? Running 4669ms or 93 ticks behind
[02:15:18] [Server thread/WARN]: Tyler_Long moved too quickly! -6.551595485135749,0.9031272476744903,-7.623270735137339
[02:15:35] [Server thread/WARN]: Can't keep up! Is the server overloaded? Running 11219ms or 224 ticks behind
[02:16:00] [Server thread/WARN]: Can't keep up! Is the server overloaded? Running 9717ms or 194 ticks behind
[02:16:23] [Server thread/WARN]: Can't keep up! Is the server overloaded? Running 8373ms or 167 ticks behind
[02:16:47] [Server thread/WARN]: Can't keep up! Is the server overloaded? Running 8886ms or 177 ticks behind
[02:17:02] [Server thread/WARN]: MetYourDestiny moved too quickly! -1.8908623125717376,-9.718386101000135,-1.4316342151509502
[02:17:02] [Server thread/WARN]: Boat (vehicle of bengermany64) moved too quickly! -3.1064622601680867,0.0,9.870516301253701
[02:17:10] [Server thread/WARN]: Can't keep up! Is the server overloaded? Running 7986ms or 159 ticks behind
[02:17:30] [Server thread/WARN]: Can't keep up! Is the server overloaded? Running 5290ms or 105 ticks behind
[02:17:32] [Server thread/WARN]: bengermany64 moved wrongly!
[02:17:48] [Server thread/WARN]: Can't keep up! Is the server overloaded? Running 2872ms or 57 ticks behind
[02:18:08] [Server thread/WARN]: Can't keep up! Is the server overloaded? Running 4625ms or 92 ticks behind
[02:18:19] [Server thread/WARN]: bengermany64 moved wrongly!
[02:18:26] [Server thread/WARN]: Can't keep up! Is the server overloaded? Running 2753ms or 55 ticks behind
[02:18:45] [Server thread/WARN]: Can't keep up! Is the server overloaded? Running 2023ms or 40 ticks behind
[02:19:04] [Server thread/WARN]: Can't keep up! Is the server overloaded? Running 4154ms or 83 ticks behind
[02:19:23] [Server thread/WARN]: Can't keep up! Is the server overloaded? Running 3254ms or 65 ticks behind
[02:19:40] [Server thread/WARN]: Can't keep up! Is the server overloaded? Running 2787ms or 55 ticks behind
[02:19:59] [Server thread/WARN]: Can't keep up! Is the server overloaded? Running 3804ms or 76 ticks behind
[02:20:19] [Server thread/WARN]: Can't keep up! Is the server overloaded? Running 5136ms or 102 ticks behind
[02:20:40] [Server thread/WARN]: Can't keep up! Is the server overloaded? Running 5691ms or 113 ticks behind
[02:20:59] [Server thread/WARN]: Can't keep up! Is the server overloaded? Running 3740ms or 74 ticks behind
[02:21:24] [Server thread/WARN]: Can't keep up! Is the server overloaded? Running 10574ms or 211 ticks behind
[02:21:40] [Server thread/WARN]: Boat moved wrongly!
[02:21:43] [Server thread/WARN]: MetYourDestiny moved wrongly!
[02:21:47] [Server thread/WARN]: Can't keep up! Is the server overloaded? Running 7283ms or 145 ticks behind
[02:22:08] [Server thread/WARN]: Can't keep up! Is the server overloaded? Running 6218ms or 124 ticks behind
[02:22:32] [Server thread/WARN]: Can't keep up! Is the server overloaded? Running 9330ms or 186 ticks behind
[02:22:37] [Server thread/INFO]: Tyler_Long lost connection: Disconnected
[02:22:37] [Server thread/INFO]: Tyler_Long left the game
[02:22:51] [Server thread/WARN]: Can't keep up! Is the server overloaded? Running 4184ms or 83 ticks behind
[02:23:48] [Server thread/INFO]: wildfire124 has made the advancement [A Seedy Place]
[02:24:38] [Server thread/INFO]: wildfire124 has made the advancement [Sweet Dreams]
[02:24:40] [Server thread/INFO]: <bengermany64> z
[02:24:42] [Server thread/INFO]: <N0VA_ow> z
[02:24:47] [Server thread/INFO]: <wildfire124> z
[02:25:10] [Server thread/WARN]: Can't keep up! Is the server overloaded? Running 2031ms or 40 ticks behind
[02:25:30] [Server thread/WARN]: Can't keep up! Is the server overloaded? Running 5402ms or 108 ticks behind
[02:25:48] [Server thread/WARN]: Can't keep up! Is the server overloaded? Running 2621ms or 52 ticks behind
[02:25:49] [User Authenticator #35/INFO]: UUID of player Tyler_Long is 6eacbe29-05b5-4525-9340-062fd7bc08d7
[02:25:49] [Server thread/INFO]: Tyler_Long[/52.144.111.182:39562] logged in with entity id 146496 at (1598.0148588165673, 61.0, 14399.66034877116)
[02:25:49] [Server thread/INFO]: Tyler_Long joined the game
[02:26:03] [Server thread/WARN]: bengermany64 moved wrongly!
[02:26:10] [Server thread/WARN]: Can't keep up! Is the server overloaded? Running 7169ms or 143 ticks behind
[02:26:13] [Server thread/INFO]: <Tyler_Long> (Doomfist): I need healing!
[02:26:27] [Server thread/WARN]: Can't keep up! Is the server overloaded? Running 2263ms or 45 ticks behind
[02:26:38] [Server thread/INFO]: <wildfire124> wants to attack the objective!
[02:26:38] [Server thread/INFO]: <MetYourDestiny> (Soldier: 76): I need healing!
[02:26:55] [Server thread/INFO]: <MetYourDestiny> Stop the payload!
[02:26:56] [Server thread/WARN]: Can't keep up! Is the server overloaded? Running 2015ms or 40 ticks behind
[02:26:58] [Server thread/INFO]: Tyler_Long has made the advancement [Eye Spy]
[02:27:17] [Server thread/WARN]: Can't keep up! Is the server overloaded? Running 5763ms or 115 ticks behind
[02:27:40] [Server thread/WARN]: Can't keep up! Is the server overloaded? Running 8300ms or 166 ticks behind
[02:28:04] [Server thread/WARN]: Can't keep up! Is the server overloaded? Running 9000ms or 180 ticks behind
[02:28:32] [Server thread/WARN]: Can't keep up! Is the server overloaded? Running 12289ms or 245 ticks behind
[02:28:53] [Server thread/WARN]: Can't keep up! Is the server overloaded? Running 6524ms or 130 ticks behind
[02:29:16] [Server thread/WARN]: Can't keep up! Is the server overloaded? Running 7440ms or 148 ticks behind
[02:29:37] [Server thread/WARN]: Can't keep up! Is the server overloaded? Running 6801ms or 136 ticks behind
[02:29:57] [Server thread/INFO]: <Tyler_Long> 1635, 14405
[02:29:59] [Server thread/WARN]: Can't keep up! Is the server overloaded? Running 6279ms or 125 ticks behind
[02:30:20] [Server thread/INFO]: <wildfire124> t
[02:30:22] [Server thread/WARN]: Can't keep up! Is the server overloaded? Running 8665ms or 173 ticks behind
[02:30:24] [Server thread/INFO]: <MetYourDestiny> u
[02:30:43] [Server thread/WARN]: Can't keep up! Is the server overloaded? Running 5271ms or 105 ticks behind
[02:30:57] [Server thread/INFO]: <Tyler_Long> was slain by your mother!
[02:31:03] [Server thread/WARN]: Can't keep up! Is the server overloaded? Running 5764ms or 115 ticks behind
[02:31:24] [Server thread/WARN]: Can't keep up! Is the server overloaded? Running 5336ms or 106 ticks behind
[02:31:45] [Server thread/WARN]: Can't keep up! Is the server overloaded? Running 6305ms or 126 ticks behind
[02:32:07] [Server thread/WARN]: Can't keep up! Is the server overloaded? Running 7063ms or 141 ticks behind
[02:32:31] [Server thread/WARN]: Can't keep up! Is the server overloaded? Running 8634ms or 172 ticks behind
[02:32:53] [Server thread/WARN]: Can't keep up! Is the server overloaded? Running 7536ms or 150 ticks behind
[02:33:18] [Server thread/WARN]: Can't keep up! Is the server overloaded? Running 9945ms or 198 ticks behind
[02:33:41] [Server thread/WARN]: Can't keep up! Is the server overloaded? Running 8096ms or 161 ticks behind
[02:34:01] [Server thread/WARN]: Can't keep up! Is the server overloaded? Running 4927ms or 98 ticks behind
[02:34:22] [Server thread/INFO]: <wildfire124> left the game
[02:34:24] [Server thread/INFO]: <Tyler_Long> XD
[02:34:25] [Server thread/WARN]: Can't keep up! Is the server overloaded? Running 8931ms or 178 ticks behind
[02:34:34] [Server thread/INFO]: <Tyler_Long> tried to swim in lava
[02:34:42] [Server thread/WARN]: Can't keep up! Is the server overloaded? Running 2008ms or 40 ticks behind
[02:34:44] [Server thread/INFO]: <Tyler_Long> NO!
[02:34:47] [Server thread/INFO]: <Tyler_Long> :(
[02:34:54] [Server thread/INFO]: <Tyler_Long> :)
[02:35:19] [Server thread/WARN]: Can't keep up! Is the server overloaded? Running 4896ms or 97 ticks behind
[02:36:37] [Server thread/INFO]: <bengermany64> kicked Tyler_long
[02:37:11] [Server thread/INFO]: wildfire124 has made the advancement [Stone Age]
[02:37:43] [Server thread/INFO]: N0VA_ow has made the advancement [Eye Spy]
[02:37:52] [Server thread/INFO]: MetYourDestiny has made the advancement [Eye Spy]
[02:37:58] [Server thread/INFO]: wildfire124 has made the advancement [Getting an Upgrade]
[02:38:23] [Server thread/INFO]: <bengermany64> z
[02:38:25] [Server thread/INFO]: <Tyler_Long> z
[02:38:30] [Server thread/INFO]: <MetYourDestiny> z
[02:38:31] [Server thread/INFO]: <MetYourDestiny> z
[02:38:31] [Server thread/INFO]: <MetYourDestiny> z
[02:38:31] [Server thread/INFO]: <MetYourDestiny> z
[02:38:31] [Server thread/INFO]: <MetYourDestiny> z
[02:38:31] [Server thread/INFO]: <MetYourDestiny> z
[02:38:32] [Server thread/INFO]: <MetYourDestiny> z
[02:38:32] [Server thread/INFO]: <N0VA_ow> z
[02:38:32] [Server thread/INFO]: <MetYourDestiny> z
[02:38:32] [Server thread/INFO]: <N0VA_ow> zz
[02:38:32] [Server thread/INFO]: <N0VA_ow> z
[02:38:32] [Server thread/INFO]: <Tyler_Long> Z
[02:38:32] [Server thread/INFO]: <N0VA_ow> z
[02:38:32] [Server thread/INFO]: <N0VA_ow> z
[02:38:33] [Server thread/INFO]: <N0VA_ow> z
[02:38:33] [Server thread/INFO]: <N0VA_ow> z
[02:38:33] [Server thread/INFO]: <N0VA_ow> z
[02:38:35] [Server thread/INFO]: <Tyler_Long> z
[02:38:38] [Server thread/INFO]: <bengermany64> z
[02:38:39] [Server thread/INFO]: <Tyler_Long> N word!
[02:38:39] [Server thread/INFO]: wildfire124 has made the advancement [Eye Spy]
[02:38:40] [Server thread/INFO]: <bengermany64> z
[02:39:14] [Server thread/INFO]: wildfire124 has made the advancement [Suit Up]
[02:40:09] [Server thread/WARN]: Can't keep up! Is the server overloaded? Running 2015ms or 40 ticks behind
[02:40:11] [Server thread/WARN]: bengermany64 moved wrongly!
[02:40:17] [Server thread/INFO]: <Tyler_Long> 1637 14406
[02:40:28] [Server thread/WARN]: Can't keep up! Is the server overloaded? Running 4190ms or 83 ticks behind
[02:41:09] [Server thread/INFO]: wildfire124 has made the advancement [Acquire Hardware]
[02:41:16] [Server thread/INFO]: <Tyler_Long> tried to swim in cum
[02:41:50] [Server thread/INFO]: N0VA_ow has made the advancement [Not Today, Thank You]
[02:42:01] [Server thread/WARN]: Can't keep up! Is the server overloaded? Running 2004ms or 40 ticks behind
[02:42:32] [Server thread/WARN]: Can't keep up! Is the server overloaded? Running 2044ms or 40 ticks behind
[02:42:51] [Server thread/WARN]: Can't keep up! Is the server overloaded? Running 4348ms or 86 ticks behind
[02:43:10] [Server thread/WARN]: Can't keep up! Is the server overloaded? Running 3631ms or 72 ticks behind
[02:43:29] [Server thread/WARN]: Can't keep up! Is the server overloaded? Running 4048ms or 80 ticks behind
[02:43:49] [Server thread/WARN]: Can't keep up! Is the server overloaded? Running 5110ms or 102 ticks behind
[02:44:03] [Server thread/INFO]: <Tyler_Long> Bingo!
[02:44:15] [Server thread/WARN]: Can't keep up! Is the server overloaded? Running 11074ms or 221 ticks behind
[02:44:37] [Server thread/WARN]: Can't keep up! Is the server overloaded? Running 6940ms or 138 ticks behind
[02:44:57] [Server thread/WARN]: Can't keep up! Is the server overloaded? Running 5200ms or 104 ticks behind
[02:45:23] [Server thread/WARN]: Can't keep up! Is the server overloaded? Running 10832ms or 216 ticks behind
[02:45:47] [Server thread/WARN]: Can't keep up! Is the server overloaded? Running 8813ms or 176 ticks behind
[02:46:15] [Server thread/WARN]: Can't keep up! Is the server overloaded? Running 13660ms or 273 ticks behind
[02:46:42] [Server thread/WARN]: Can't keep up! Is the server overloaded? Running 11769ms or 235 ticks behind
[02:47:10] [Server thread/WARN]: Can't keep up! Is the server overloaded? Running 13320ms or 266 ticks behind
[02:47:20] [Server thread/INFO]: N0VA_ow has made the advancement [Diamonds!]
[02:47:37] [Server thread/WARN]: Can't keep up! Is the server overloaded? Running 11271ms or 225 ticks behind
[02:48:01] [Server thread/WARN]: Can't keep up! Is the server overloaded? Running 9121ms or 182 ticks behind
[02:48:24] [Server thread/WARN]: Can't keep up! Is the server overloaded? Running 8071ms or 161 ticks behind
[02:48:45] [Server thread/WARN]: Can't keep up! Is the server overloaded? Running 5970ms or 119 ticks behind
[02:49:05] [Server thread/WARN]: Can't keep up! Is the server overloaded? Running 4962ms or 99 ticks behind
[02:49:25] [Server thread/WARN]: Can't keep up! Is the server overloaded? Running 5520ms or 110 ticks behind
[02:49:44] [Server thread/WARN]: Can't keep up! Is the server overloaded? Running 4263ms or 85 ticks behind
[02:50:10] [Server thread/WARN]: Can't keep up! Is the server overloaded? Running 2014ms or 40 ticks behind
[02:50:32] [Server thread/WARN]: Can't keep up! Is the server overloaded? Running 7571ms or 151 ticks behind
[02:50:43] [Server thread/INFO]: <Tyler_Long> tried to swim in lava
[02:50:55] [Server thread/WARN]: Can't keep up! Is the server overloaded? Running 7596ms or 151 ticks behind
[02:51:17] [Server thread/WARN]: Can't keep up! Is the server overloaded? Running 6756ms or 135 ticks behind
[02:51:34] [Server thread/WARN]: Can't keep up! Is the server overloaded? Running 2010ms or 40 ticks behind
[02:51:54] [Server thread/WARN]: Can't keep up! Is the server overloaded? Running 4417ms or 88 ticks behind
[02:52:04] [Server thread/INFO]: Villager axw['Villager'/164057, l='world', x=1791.37, y=71.56, z=8899.72] died, message: 'Villager suffocated in a wall'
[02:52:18] [Server thread/WARN]: Can't keep up! Is the server overloaded? Running 9148ms or 182 ticks behind
[02:52:41] [Server thread/INFO]: Tyler_Long lost connection: Disconnected
[02:52:41] [Server thread/INFO]: Tyler_Long left the game
[02:52:46] [Server thread/WARN]: Can't keep up! Is the server overloaded? Running 13320ms or 266 ticks behind
[02:52:54] [Server thread/INFO]: wildfire124 lost connection: Disconnected
[02:52:54] [Server thread/INFO]: wildfire124 left the game
[02:53:01] [Server thread/INFO]: N0VA_ow lost connection: Disconnected
[02:53:01] [Server thread/INFO]: N0VA_ow left the game
[02:53:02] [Server thread/INFO]: <bengermany64> z
[02:53:03] [Server thread/INFO]: MetYourDestiny lost connection: Disconnected
[02:53:03] [Server thread/INFO]: MetYourDestiny left the game
[02:53:05] [Server thread/WARN]: Can't keep up! Is the server overloaded? Running 2114ms or 42 ticks behind
[02:53:14] [User Authenticator #36/INFO]: UUID of player MetYourDestiny is 194a5dc7-0870-43a1-aedd-d15eb1426f83
[02:53:14] [Server thread/INFO]: MetYourDestiny[/24.253.251.220:55602] logged in with entity id 164791 at (891.6825245777341, 67.0, 2436.667692321369)
[02:53:14] [Server thread/INFO]: MetYourDestiny joined the game
[02:53:55] [Server thread/WARN]: bengermany64 moved too quickly! -0.062440287498702673,0.5800000131130219,10.093063389411327
[02:53:55] [Server thread/WARN]: MetYourDestiny moved too quickly! -7.4901555616338555,-0.7508129212553172,-7.010730723076904
[02:53:55] [Server thread/WARN]: Can't keep up! Is the server overloaded? Running 2927ms or 58 ticks behind
[02:54:00] [User Authenticator #37/INFO]: UUID of player wildfire124 is 6a0d6fdd-c689-4f17-a951-bdd4f71078d2
[02:54:00] [Server thread/INFO]: wildfire124[/99.113.115.119:51795] logged in with entity id 165698 at (900.6999999880791, 25.0, 2414.031251022871)
[02:54:00] [Server thread/INFO]: wildfire124 joined the game
[02:54:11] [User Authenticator #38/INFO]: UUID of player N0VA_ow is 06569aed-1c53-4a5f-9780-294e986feeb0
[02:54:11] [Server thread/INFO]: N0VA_ow[/76.164.110.125:59584] logged in with entity id 165889 at (879.7066124669184, 29.5625, 2443.4659056391865)
[02:54:11] [Server thread/INFO]: N0VA_ow joined the game
[02:54:15] [Server thread/WARN]: Can't keep up! Is the server overloaded? Running 5276ms or 105 ticks behind
[02:54:35] [Server thread/WARN]: Can't keep up! Is the server overloaded? Running 5232ms or 104 ticks behind
[02:54:56] [Server thread/WARN]: Can't keep up! Is the server overloaded? Running 5914ms or 118 ticks behind
[02:55:20] [Server thread/WARN]: Can't keep up! Is the server overloaded? Running 8881ms or 177 ticks behind
[02:55:38] [Server thread/INFO]: <N0VA_ow> 890 2424
[02:55:45] [Server thread/WARN]: Can't keep up! Is the server overloaded? Running 10230ms or 204 ticks behind
[02:56:07] [Server thread/WARN]: Can't keep up! Is the server overloaded? Running 7365ms or 147 ticks behind
[02:56:31] [Server thread/WARN]: Can't keep up! Is the server overloaded? Running 8437ms or 168 ticks behind
[02:56:54] [Server thread/WARN]: Can't keep up! Is the server overloaded? Running 7870ms or 157 ticks behind
[02:57:21] [Server thread/WARN]: Can't keep up! Is the server overloaded? Running 12012ms or 240 ticks behind
[02:57:47] [Server thread/WARN]: Can't keep up! Is the server overloaded? Running 11089ms or 221 ticks behind
[02:57:57] [Server thread/WARN]: Boat (vehicle of bengermany64) moved too quickly! -0.3967444025270197,0.0,10.392426903843443
[02:58:14] [Server thread/WARN]: Can't keep up! Is the server overloaded? Running 12620ms or 252 ticks behind
[02:58:36] [Server thread/WARN]: Can't keep up! Is the server overloaded? Running 6675ms or 133 ticks behind
[02:58:58] [Server thread/WARN]: Can't keep up! Is the server overloaded? Running 7016ms or 140 ticks behind
[02:59:24] [Server thread/WARN]: Can't keep up! Is the server overloaded? Running 10605ms or 212 ticks behind
[02:59:50] [Server thread/WARN]: Can't keep up! Is the server overloaded? Running 11637ms or 232 ticks behind
[03:00:17] [Server thread/WARN]: Can't keep up! Is the server overloaded? Running 12310ms or 246 ticks behind
[03:00:43] [Server thread/WARN]: Can't keep up! Is the server overloaded? Running 11065ms or 221 ticks behind
[03:01:10] [Server thread/WARN]: Can't keep up! Is the server overloaded? Running 11501ms or 230 ticks behind
[03:01:37] [Server thread/WARN]: Can't keep up! Is the server overloaded? Running 11644ms or 232 ticks behind
[03:02:04] [Server thread/WARN]: Can't keep up! Is the server overloaded? Running 12359ms or 247 ticks behind
[03:02:06] [Server thread/INFO]: <bengermany64> 1635 14405
[03:02:33] [Server thread/WARN]: Can't keep up! Is the server overloaded? Running 13712ms or 274 ticks behind
[03:03:02] [Server thread/WARN]: Can't keep up! Is the server overloaded? Running 14069ms or 281 ticks behind
[03:03:28] [Server thread/WARN]: Can't keep up! Is the server overloaded? Running 11220ms or 224 ticks behind
[03:03:54] [Server thread/WARN]: Can't keep up! Is the server overloaded? Running 11559ms or 231 ticks behind
[03:04:20] [Server thread/WARN]: Can't keep up! Is the server overloaded? Running 10693ms or 213 ticks behind
[03:04:28] [Server thread/WARN]: bengermany64 moved wrongly!
[03:04:44] [Server thread/WARN]: Can't keep up! Is the server overloaded? Running 8541ms or 170 ticks behind
[03:05:09] [Server thread/WARN]: Can't keep up! Is the server overloaded? Running 10347ms or 206 ticks behind
[03:05:31] [Server thread/WARN]: Can't keep up! Is the server overloaded? Running 7314ms or 146 ticks behind
[03:05:52] [Server thread/WARN]: Can't keep up! Is the server overloaded? Running 6279ms or 125 ticks behind
[03:06:11] [Server thread/WARN]: Can't keep up! Is the server overloaded? Running 3973ms or 79 ticks behind
[03:06:37] [Server thread/WARN]: Can't keep up! Is the server overloaded? Running 2005ms or 40 ticks behind
[03:06:39] [Server thread/INFO]: wildfire124 has made the advancement [Monster Hunter]
[03:08:27] [Server thread/INFO]: <bengermany64> wz
[03:08:29] [Server thread/INFO]: <bengermany64> z
[03:08:46] [Server thread/WARN]: Can't keep up! Is the server overloaded? Running 2412ms or 48 ticks behind
[03:10:07] [Server thread/WARN]: bengermany64 moved wrongly!
[03:10:50] [User Authenticator #39/INFO]: UUID of player Tyler_Long is 6eacbe29-05b5-4525-9340-062fd7bc08d7
[03:10:50] [Server thread/INFO]: Tyler_Long[/52.144.111.182:39557] logged in with entity id 182555 at (1645.6343464550405, 26.0, 14405.975770614932)
[03:10:50] [Server thread/INFO]: Tyler_Long joined the game
[03:10:54] [Server thread/WARN]: Can't keep up! Is the server overloaded? Running 2026ms or 40 ticks behind
[03:11:19] [Server thread/WARN]: Can't keep up! Is the server overloaded? Running 9258ms or 185 ticks behind
[03:11:24] [Server thread/INFO]: bengermany64 has made the advancement [Eye Spy]
[03:12:52] [Server thread/INFO]: <Tyler_Long> Thanks!
[03:12:57] [Server thread/INFO]: <bengermany64> np
[03:13:01] [Server thread/INFO]: <wildfire124> Understood!
[03:13:06] [Server thread/INFO]: <wildfire124> Understood.
[03:13:16] [Server thread/INFO]: <bengermany64> ./trade Trler_long
[03:13:20] [Server thread/INFO]: <Tyler_Long> (Lucio): I need healing!
[03:14:00] [Server thread/WARN]: Can't keep up! Is the server overloaded? Running 2518ms or 50 ticks behind
[03:14:42] [Server thread/WARN]: Can't keep up! Is the server overloaded? Running 2006ms or 40 ticks behind
[03:14:48] [Server thread/INFO]: <N0VA_ow> 890 2424
[03:14:59] [Server thread/WARN]: Can't keep up! Is the server overloaded? Running 2735ms or 54 ticks behind
[03:16:32] [Server thread/WARN]: Can't keep up! Is the server overloaded? Running 2016ms or 40 ticks behind
[03:16:49] [Server thread/WARN]: Can't keep up! Is the server overloaded? Running 2020ms or 40 ticks behind
[03:17:08] [Server thread/WARN]: Can't keep up! Is the server overloaded? Running 4437ms or 88 ticks behind
[03:17:31] [Server thread/WARN]: Can't keep up! Is the server overloaded? Running 7513ms or 150 ticks behind
[03:17:50] [Server thread/WARN]: Can't keep up! Is the server overloaded? Running 4369ms or 87 ticks behind
[03:18:09] [Server thread/WARN]: Can't keep up! Is the server overloaded? Running 3449ms or 68 ticks behind
[03:18:37] [Server thread/WARN]: Can't keep up! Is the server overloaded? Running 2007ms or 40 ticks behind
[03:19:34] [Server thread/WARN]: Can't keep up! Is the server overloaded? Running 4265ms or 85 ticks behind
[03:20:20] [Server thread/INFO]: bengermany64 lost connection: Disconnected
[03:20:20] [Server thread/INFO]: bengermany64 left the game
[03:20:25] [Server thread/INFO]: Tyler_Long lost connection: Disconnected
[03:20:25] [Server thread/INFO]: Tyler_Long left the game
[03:21:29] [Server thread/WARN]: MetYourDestiny moved wrongly!
[03:23:06] [Server thread/INFO]: wildfire124 has made the advancement [Isn't It Iron Pick]
[03:24:48] [User Authenticator #40/INFO]: UUID of player Tyler_Long is 6eacbe29-05b5-4525-9340-062fd7bc08d7
[03:24:48] [Server thread/INFO]: Tyler_Long[/52.144.111.182:42652] logged in with entity id 189042 at (1644.9984142158467, 26.0, 14404.270995820807)
[03:24:48] [Server thread/INFO]: Tyler_Long joined the game
[03:27:30] [User Authenticator #41/INFO]: UUID of player bengermany64 is 62c3a8a4-6c00-4fbc-92e1-d4e5d065bf7b
[03:27:30] [Server thread/INFO]: bengermany64[/52.128.53.146:28574] logged in with entity id 189758 at (1638.8931090019298, 26.5625, 14399.085622492874)
[03:27:30] [Server thread/INFO]: bengermany64 joined the game
[03:27:50] [Server thread/INFO]: Tyler_Long has made the advancement [The End?]
[03:27:51] [Server thread/WARN]: Tyler_Long moved too quickly! -1540.489201074293,20.23363200604248,-14403.035450827289
[03:27:51] [Server thread/INFO]: N0VA_ow has made the advancement [The End?]
[03:27:52] [Server thread/WARN]: Can't keep up! Is the server overloaded? Running 2163ms or 43 ticks behind
[03:27:52] [Server thread/INFO]: bengermany64 has made the advancement [The End?]
[03:27:52] [Server thread/WARN]: N0VA_ow moved too quickly! -791.2387070757167,21.392604549951344,-2418.347746354215
[03:27:52] [Server thread/INFO]: MetYourDestiny has made the advancement [The End?]
[03:27:52] [Server thread/INFO]: wildfire124 has made the advancement [The End?]
[03:27:52] [Server thread/WARN]: bengermany64 moved too quickly! -1540.706128686135,20.464159374955443,-14402.362753947706
[03:27:52] [Server thread/WARN]: wildfire124 moved too quickly! -791.9726438030049,21.392604549951344,-2418.131888824424
[03:27:55] [Server thread/INFO]: Scanning for legacy world dragon fight...
[03:27:55] [Server thread/INFO]: Found that the dragon has not yet been killed in this world.
[03:27:56] [Server thread/WARN]: MetYourDestiny moved too quickly! -791.7260538436028,21.392604549951344,-2416.7985305025336
[03:27:56] [Server thread/WARN]: Tyler_Long moved too quickly! -1.949228756390255,-5.0,8.546980202432957
[03:29:20] [Server thread/INFO]: bengermany64 has made the advancement [Take Aim]
[03:30:59] [Server thread/INFO]: Tyler_Long has made the advancement [Take Aim]
[03:31:31] [Server thread/WARN]: Tyler_Long moved too quickly! 1.214170855850007,-0.3235291238557281,-10.111396061710508
[03:32:03] [Server thread/INFO]: N0VA_ow has made the advancement [Take Aim]
[03:34:20] [Server thread/INFO]: MetYourDestiny has made the advancement [Take Aim]
[03:34:31] [Server thread/INFO]: MetYourDestiny was killed by [Intentional Game Design]
[03:34:32] [Server thread/FATAL]: Error executing task on Server
java.lang.NullPointerException: null
	at ww.b(SourceFile:201) ~[server.jar:?]
	at wp.a(SourceFile:904) ~[server.jar:?]
	at xb.a(SourceFile:479) ~[server.jar:?]
	at xv.a(SourceFile:848) ~[server.jar:?]
	at qd.a(SourceFile:122) ~[server.jar:?]
	at qd$a.a(SourceFile:56) ~[server.jar:?]
	at lv.a(SourceFile:21) ~[server.jar:?]
	at tb.run(SourceFile:18) ~[server.jar:?]
	at ais.c(SourceFile:144) [server.jar:?]
	at aiw.c(SourceFile:23) [server.jar:?]
	at net.minecraft.server.MinecraftServer.b(SourceFile:743) [server.jar:?]
	at net.minecraft.server.MinecraftServer.c(SourceFile:138) [server.jar:?]
	at ais.w(SourceFile:118) [server.jar:?]
	at net.minecraft.server.MinecraftServer.ba(SourceFile:725) [server.jar:?]
	at net.minecraft.server.MinecraftServer.w(SourceFile:719) [server.jar:?]
	at ais.c(SourceFile:127) [server.jar:?]
	at net.minecraft.server.MinecraftServer.v(SourceFile:704) [server.jar:?]
	at net.minecraft.server.MinecraftServer.run(SourceFile:659) [server.jar:?]
	at java.lang.Thread.run(Thread.java:834) [?:?]
[03:34:39] [Server thread/INFO]: bengermany64 has made the advancement [Into Fire]
[03:39:28] [Server thread/INFO]: Tyler_Long has made the advancement [Remote Getaway]
[03:39:31] [Server thread/INFO]: N0VA_ow has made the advancement [Remote Getaway]
[03:39:35] [Server thread/INFO]: wildfire124 has made the advancement [Remote Getaway]
[03:39:45] [Server thread/INFO]: Tyler_Long lost connection: Disconnected
[03:39:45] [Server thread/INFO]: Tyler_Long left the game
[03:39:53] [User Authenticator #42/INFO]: UUID of player Tyler_Long is 6eacbe29-05b5-4525-9340-062fd7bc08d7
[03:39:53] [Server thread/INFO]: Tyler_Long[/52.144.111.182:42640] logged in with entity id 192309 at (-305.3187683514088, 63.0, -952.3443647989299)
[03:39:53] [Server thread/INFO]: Tyler_Long joined the game
[03:44:06] [Server thread/WARN]: Tyler_Long moved too quickly! -7.030911758898839,1.1661092609382138,7.086908745397977
[03:44:39] [Server thread/WARN]: MetYourDestiny moved too quickly! 6.966920207303758,0.16610926093821377,7.5402906619508485
[03:44:39] [Server thread/WARN]: bengermany64 moved too quickly! 3.282122923613599,0.0,9.642796895470838
[03:44:39] [Server thread/WARN]: N0VA_ow moved too quickly! -10.256661178851914,0.16610926093821377,-0.10689475702247364
[03:44:39] [Server thread/WARN]: Can't keep up! Is the server overloaded? Running 2808ms or 56 ticks behind
[03:46:16] [Server thread/WARN]: Can't keep up! Is the server overloaded? Running 2004ms or 40 ticks behind
[03:49:43] [Server thread/WARN]: MetYourDestiny moved too quickly! -2.2808218496024892,-2.249187078744683,9.529671233568479
[03:49:43] [Server thread/WARN]: bengermany64 moved too quickly! 0.1676645273361146,0.2336320060424839,10.080524436628366
[03:49:43] [Server thread/WARN]: Can't keep up! Is the server overloaded? Running 2148ms or 42 ticks behind
[03:50:48] [Server thread/WARN]: bengermany64 moved too quickly! -791.4905262892405,21.23363200604248,-2418.503009877307
[03:50:53] [Server thread/WARN]: MetYourDestiny moved too quickly! -791.8177029252538,21.23363200604248,-2418.5551545008634
[03:52:51] [Server thread/INFO]: bengermany64 has made the advancement [Remote Getaway]
[03:53:18] [Server thread/INFO]: MetYourDestiny has made the advancement [Remote Getaway]
[03:54:45] [Server thread/WARN]: MetYourDestiny moved too quickly! 4.1172704373982185,-1.2247629905309978,9.173485512076013
[03:54:45] [Server thread/WARN]: wildfire124 moved too quickly! -10.045627466864346,-0.8583148272754713,0.7848011429980488
[03:54:45] [Server thread/WARN]: Can't keep up! Is the server overloaded? Running 2013ms or 40 ticks behind
[03:58:25] [Server thread/WARN]: Can't keep up! Is the server overloaded? Running 2019ms or 40 ticks behind
[03:58:43] [Server thread/WARN]: Can't keep up! Is the server overloaded? Running 2086ms or 41 ticks behind
[03:59:13] [Server thread/WARN]: Can't keep up! Is the server overloaded? Running 2009ms or 40 ticks behind
[03:59:55] [Server thread/WARN]: Tyler_Long moved too quickly! -1.79958748598267,-0.506135102106235,-10.064735203635337
[03:59:55] [Server thread/WARN]: wildfire124 moved too quickly! -2.0155017245172644,0.9986640208878512,-9.918712769692547
[03:59:55] [Server thread/WARN]: Can't keep up! Is the server overloaded? Running 4298ms or 85 ticks behind
[04:00:28] [Server thread/INFO]: Tyler_Long has made the advancement [The City at the End of the Game]
[04:03:35] [Server thread/INFO]: wildfire124 has made the advancement [The City at the End of the Game]
[04:03:35] [Server thread/INFO]: N0VA_ow has made the advancement [The City at the End of the Game]
[04:03:55] [Server thread/INFO]: Tyler_Long has made the advancement [Cover Me With Diamonds]
[04:04:57] [Server thread/WARN]: N0VA_ow moved too quickly! -1.2181005653162629,-10.069564418532849,-1.4677221335136892
[04:08:55] [Server thread/INFO]: bengermany64 has made the advancement [The City at the End of the Game]
[04:09:00] [Server thread/INFO]: MetYourDestiny has made the advancement [The City at the End of the Game]
[04:13:57] [Server thread/INFO]: <bengermany64> so basicly i have no pearls
[04:15:32] [Server thread/INFO]: wildfire124 has made the advancement [Not Today, Thank You]
[04:18:46] [Server thread/WARN]: Can't keep up! Is the server overloaded? Running 2002ms or 40 ticks behind
[04:19:32] [Server thread/INFO]: Tyler_Long has made the advancement [Local Brewery]
[04:19:43] [Server thread/INFO]: Tyler_Long has reached the goal [Sky's the Limit]
[04:19:49] [Server thread/INFO]: Tyler_Long has made the advancement [Diamonds!]
[04:20:00] [Server thread/WARN]: wildfire124 moved too quickly! -2.0662042131907583,2.024424088213685,-9.77847756410938
[04:20:00] [Server thread/WARN]: Can't keep up! Is the server overloaded? Running 2386ms or 47 ticks behind
[04:22:50] [Server thread/WARN]: Can't keep up! Is the server overloaded? Running 2003ms or 40 ticks behind
[04:26:43] [Server thread/WARN]: Fetching packet for removed entity awb['Purpur Pillar'/208048, l='world', x=-1506.21, y=85.50, z=-3499.88]
[04:27:51] [Server thread/INFO]: MetYourDestiny fell from a high place
[04:27:56] [Server thread/INFO]: <N0VA_ow> this is so sad
[04:30:04] [Server thread/WARN]: wildfire124 moved too quickly! 2.6260815845080288,2.176759275064242,-9.636648752776182
[04:30:04] [Server thread/WARN]: N0VA_ow moved too quickly! -2.3477897732975634,0.04353562014749457,-9.848702992602284
[04:30:04] [Server thread/WARN]: Tyler_Long moved too quickly! -1.566132417034396,0.3767356137817188,-9.96787211905712
[04:34:48] [Server thread/WARN]: Can't keep up! Is the server overloaded? Running 2022ms or 40 ticks behind
[04:35:21] [Server thread/INFO]: <N0VA_ow> z
[04:35:22] [Server thread/INFO]: <N0VA_ow> z
[04:35:22] [Server thread/INFO]: <N0VA_ow> z
[04:37:49] [Server thread/INFO]: <bengermany64> z
[04:37:50] [Server thread/INFO]: <bengermany64> z
[04:37:50] [Server thread/INFO]: <bengermany64> z
[04:40:20] [Server thread/INFO]: <bengermany64> operation find new home location
[04:40:26] [Server thread/INFO]: <N0VA_ow> is a go
[04:40:29] [Server thread/INFO]: <N0VA_ow> !
[04:40:48] [Server thread/WARN]: Tyler_Long moved wrongly!
[04:45:07] [Server thread/WARN]: Can't keep up! Is the server overloaded? Running 2816ms or 56 ticks behind
[04:45:24] [Server thread/WARN]: Can't keep up! Is the server overloaded? Running 2890ms or 57 ticks behind
[04:46:05] [Server thread/WARN]: MetYourDestiny moved wrongly!
[04:48:33] [Server thread/WARN]: Tyler_Long moved wrongly!
[04:48:53] [Server thread/WARN]: MetYourDestiny moved wrongly!
[04:49:55] [Server thread/INFO]: Tyler_Long has reached the goal [The Next Generation]
[04:50:06] [Server thread/WARN]: MetYourDestiny moved wrongly!
[04:50:07] [Server thread/WARN]: N0VA_ow moved wrongly!
[04:50:12] [Server thread/WARN]: Can't keep up! Is the server overloaded? Running 2568ms or 51 ticks behind
[04:50:28] [Server thread/INFO]: MetYourDestiny has reached the goal [The Next Generation]
[04:50:31] [Server thread/INFO]: N0VA_ow has reached the goal [The Next Generation]
[04:50:34] [Server thread/INFO]: bengermany64 has reached the goal [The Next Generation]
[04:50:45] [Server thread/INFO]: <N0VA_ow> z
[04:51:02] [Server thread/INFO]: <N0VA_ow> z
[04:51:02] [Server thread/INFO]: <N0VA_ow> z
[04:51:02] [Server thread/INFO]: <N0VA_ow> z
[04:51:03] [Server thread/INFO]: <N0VA_ow> z
[04:51:03] [Server thread/INFO]: <N0VA_ow> z
[04:51:03] [Server thread/INFO]: <N0VA_ow> z
[04:51:03] [Server thread/INFO]: <N0VA_ow> z
[04:51:05] [Server thread/INFO]: <N0VA_ow> z
[04:51:18] [Server thread/INFO]: Tyler_Long lost connection: Disconnected
[04:51:18] [Server thread/INFO]: Tyler_Long left the game
[04:51:20] [Server thread/INFO]: bengermany64 lost connection: Disconnected
[04:51:20] [Server thread/INFO]: bengermany64 left the game
[04:51:25] [Server thread/INFO]: wildfire124 lost connection: Disconnected
[04:51:25] [Server thread/INFO]: wildfire124 left the game
[04:51:27] [Server thread/INFO]: MetYourDestiny lost connection: Disconnected
[04:51:27] [Server thread/INFO]: MetYourDestiny left the game
[04:51:34] [User Authenticator #43/INFO]: UUID of player Tyler_Long is 6eacbe29-05b5-4525-9340-062fd7bc08d7
[04:51:35] [Server thread/INFO]: Tyler_Long[/52.144.111.182:14394] logged in with entity id 220753 at (-44.89960509252527, 63.0, 57.7054038201858)
[04:51:35] [Server thread/INFO]: Tyler_Long joined the game
[04:51:35] [User Authenticator #44/INFO]: UUID of player MetYourDestiny is 194a5dc7-0870-43a1-aedd-d15eb1426f83
[04:51:35] [Server thread/INFO]: MetYourDestiny[/24.253.251.220:58703] logged in with entity id 220754 at (-39.826437938259936, 62.07326524478906, 44.01800584931776)
[04:51:35] [Server thread/INFO]: MetYourDestiny joined the game
[04:51:35] [User Authenticator #45/INFO]: UUID of player wildfire124 is 6a0d6fdd-c689-4f17-a951-bdd4f71078d2
[04:51:35] [Server thread/INFO]: wildfire124[/99.113.115.119:55563] logged in with entity id 220757 at (233.14286149684517, 64.0, 786.1855116839789)
[04:51:35] [Server thread/INFO]: wildfire124 joined the game
[04:51:36] [User Authenticator #46/INFO]: UUID of player bengermany64 is 62c3a8a4-6c00-4fbc-92e1-d4e5d065bf7b
[04:51:36] [Server thread/INFO]: bengermany64[/52.128.53.146:32678] logged in with entity id 220766 at (-45.45828899632361, 63.0, 62.99492795988993)
[04:51:36] [Server thread/INFO]: bengermany64 joined the game
[04:51:48] [Server thread/WARN]: Boat moved wrongly!
[04:51:48] [Server thread/WARN]: Boat moved wrongly!
[04:51:48] [Server thread/WARN]: Boat moved wrongly!
[04:51:48] [Server thread/WARN]: Boat moved wrongly!
[04:51:58] [Server thread/WARN]: Boat moved wrongly!
[04:51:58] [Server thread/WARN]: Boat moved wrongly!
[04:52:03] [Server thread/WARN]: MetYourDestiny moved wrongly!
[04:52:04] [Server thread/WARN]: Tyler_Long moved wrongly!
[04:52:08] [Server thread/WARN]: Boat moved wrongly!
[04:52:08] [Server thread/WARN]: Boat moved wrongly!
[04:52:08] [Server thread/WARN]: Boat moved wrongly!
[04:52:50] [Server thread/WARN]: Tyler_Long moved wrongly!
[04:52:53] [Server thread/WARN]: Boat moved wrongly!
[04:52:53] [Server thread/WARN]: Boat moved wrongly!
[04:52:53] [Server thread/WARN]: Boat moved wrongly!
[04:52:53] [Server thread/WARN]: Boat moved wrongly!
[04:52:53] [Server thread/WARN]: Boat moved wrongly!
[04:52:53] [Server thread/WARN]: Boat moved wrongly!
[04:52:53] [Server thread/WARN]: Boat moved wrongly!
[04:53:25] [Server thread/WARN]: Boat moved wrongly!
[04:53:25] [Server thread/WARN]: Boat moved wrongly!
[04:54:26] [Server thread/WARN]: Boat moved wrongly!
[04:54:26] [Server thread/WARN]: Boat moved wrongly!
[04:54:26] [Server thread/WARN]: Boat moved wrongly!
[04:54:37] [Server thread/WARN]: bengermany64 moved too quickly! -10.513299815823018,11.979439835298557,16.879478830935142
[04:54:39] [Server thread/WARN]: N0VA_ow moved wrongly!
[04:54:39] [Server thread/WARN]: Can't keep up! Is the server overloaded? Running 2008ms or 40 ticks behind
[04:54:45] [Server thread/WARN]: Boat moved wrongly!
[04:54:45] [Server thread/WARN]: Boat moved wrongly!
[04:54:46] [Server thread/WARN]: Boat moved wrongly!
[04:54:46] [Server thread/WARN]: Boat moved wrongly!
[04:54:46] [Server thread/WARN]: Boat moved wrongly!
[04:54:46] [Server thread/WARN]: Boat moved wrongly!
[04:54:46] [Server thread/WARN]: Boat moved wrongly!
[04:54:46] [Server thread/WARN]: Boat moved wrongly!
[04:54:46] [Server thread/WARN]: Boat moved wrongly!
[04:54:46] [Server thread/WARN]: Boat moved wrongly!
[04:54:50] [Server thread/WARN]: Tyler_Long moved wrongly!
[04:54:56] [Server thread/WARN]: Can't keep up! Is the server overloaded? Running 2516ms or 50 ticks behind
[04:55:19] [Server thread/WARN]: Can't keep up! Is the server overloaded? Running 2308ms or 46 ticks behind
[04:55:34] [Server thread/WARN]: Boat moved wrongly!
[04:55:34] [Server thread/WARN]: Boat moved wrongly!
[04:55:51] [Server thread/WARN]: Boat moved wrongly!
[04:55:51] [Server thread/WARN]: Boat moved wrongly!
[04:55:51] [Server thread/WARN]: Boat moved wrongly!
[04:55:51] [Server thread/WARN]: Boat moved wrongly!
[04:55:51] [Server thread/WARN]: Boat moved wrongly!
[04:55:51] [Server thread/WARN]: Boat moved wrongly!
[04:55:51] [Server thread/WARN]: Boat moved wrongly!
[04:55:51] [Server thread/WARN]: Boat moved wrongly!
[04:55:51] [Server thread/WARN]: Boat moved wrongly!
[04:55:54] [Server thread/WARN]: Boat moved wrongly!
[04:55:54] [Server thread/WARN]: Boat moved wrongly!
[04:55:54] [Server thread/WARN]: Boat moved wrongly!
[04:55:54] [Server thread/WARN]: Boat moved wrongly!
[04:55:54] [Server thread/WARN]: Boat moved wrongly!
[04:55:54] [Server thread/WARN]: Boat moved wrongly!
[04:55:54] [Server thread/WARN]: Boat moved wrongly!
[04:55:54] [Server thread/WARN]: Boat moved wrongly!
[04:55:54] [Server thread/WARN]: Boat moved wrongly!
[04:55:54] [Server thread/WARN]: Boat moved wrongly!
[04:55:54] [Server thread/WARN]: Boat moved wrongly!
[04:55:54] [Server thread/WARN]: Boat moved wrongly!
[04:55:54] [Server thread/WARN]: Boat moved wrongly!
[04:55:54] [Server thread/WARN]: Boat moved wrongly!
[04:55:54] [Server thread/WARN]: Boat moved wrongly!
[04:55:54] [Server thread/WARN]: Boat moved wrongly!
[04:55:55] [Server thread/WARN]: Boat moved wrongly!
[04:55:55] [Server thread/WARN]: Boat moved wrongly!
[04:55:55] [Server thread/WARN]: Boat moved wrongly!
[04:55:55] [Server thread/WARN]: Boat moved wrongly!
[04:55:55] [Server thread/WARN]: Boat moved wrongly!
[04:55:55] [Server thread/WARN]: Boat moved wrongly!
[04:55:55] [Server thread/WARN]: Boat moved wrongly!
[04:55:55] [Server thread/WARN]: Boat moved wrongly!
[04:55:55] [Server thread/WARN]: Boat moved wrongly!
[04:55:55] [Server thread/WARN]: Boat moved wrongly!
[04:55:55] [Server thread/WARN]: Boat moved wrongly!
[04:55:55] [Server thread/WARN]: Boat moved wrongly!
[04:55:55] [Server thread/WARN]: Boat moved wrongly!
[04:55:55] [Server thread/WARN]: Boat moved wrongly!
[04:55:55] [Server thread/WARN]: Boat moved wrongly!
[04:55:55] [Server thread/WARN]: Boat moved wrongly!
[04:55:55] [Server thread/WARN]: Boat moved wrongly!
[04:55:55] [Server thread/WARN]: Boat moved wrongly!
[04:55:55] [Server thread/WARN]: Boat moved wrongly!
[04:55:55] [Server thread/WARN]: Boat moved wrongly!
[04:55:55] [Server thread/WARN]: Boat moved wrongly!
[04:55:55] [Server thread/WARN]: Boat moved wrongly!
[04:55:55] [Server thread/WARN]: Boat moved wrongly!
[04:55:55] [Server thread/WARN]: Boat moved wrongly!
[04:55:55] [Server thread/WARN]: Boat moved wrongly!
[04:55:55] [Server thread/WARN]: Boat moved wrongly!
[04:55:55] [Server thread/WARN]: Boat moved wrongly!
[04:56:12] [Server thread/WARN]: Tyler_Long moved wrongly!
[04:56:43] [Server thread/WARN]: Tyler_Long moved wrongly!
[04:57:33] [Server thread/WARN]: Boat moved wrongly!
[04:57:33] [Server thread/WARN]: Boat moved wrongly!
[04:57:33] [Server thread/WARN]: Boat moved wrongly!
[04:57:34] [Server thread/WARN]: Boat moved wrongly!
[04:58:01] [Server thread/WARN]: Boat moved wrongly!
[04:58:01] [Server thread/WARN]: Boat moved wrongly!
[04:58:01] [Server thread/WARN]: Boat moved wrongly!
[04:58:01] [Server thread/WARN]: Boat moved wrongly!
[04:58:01] [Server thread/WARN]: Boat moved wrongly!
[04:58:03] [Server thread/WARN]: Can't keep up! Is the server overloaded? Running 2007ms or 40 ticks behind
[04:58:25] [Server thread/WARN]: Boat moved wrongly!
[04:58:25] [Server thread/WARN]: Boat moved wrongly!
[04:58:25] [Server thread/WARN]: Boat moved wrongly!
[04:58:25] [Server thread/WARN]: Boat moved wrongly!
[04:58:25] [Server thread/WARN]: Boat moved wrongly!
[04:58:35] [Server thread/WARN]: Tyler_Long moved wrongly!
[04:58:56] [Server thread/WARN]: MetYourDestiny moved wrongly!
[04:58:58] [Server thread/WARN]: wildfire124 moved wrongly!
[05:00:06] [Server thread/WARN]: wildfire124 moved wrongly!
[05:00:24] [Server thread/WARN]: Can't keep up! Is the server overloaded? Running 2806ms or 56 ticks behind
[05:00:38] [Server thread/WARN]: Boat moved wrongly!
[05:00:38] [Server thread/WARN]: Boat moved wrongly!
[05:00:38] [Server thread/WARN]: Boat moved wrongly!
[05:00:38] [Server thread/WARN]: Boat moved wrongly!
[05:00:38] [Server thread/WARN]: Boat moved wrongly!
[05:00:41] [Server thread/WARN]: Boat moved wrongly!
[05:00:48] [Server thread/WARN]: Boat moved wrongly!
[05:00:52] [Server thread/WARN]: Boat moved wrongly!
[05:00:52] [Server thread/WARN]: Boat moved wrongly!
[05:00:52] [Server thread/WARN]: Boat moved wrongly!
[05:00:52] [Server thread/WARN]: Boat moved wrongly!
[05:00:52] [Server thread/WARN]: Boat moved wrongly!
[05:00:52] [Server thread/WARN]: Boat moved wrongly!
[05:00:52] [Server thread/WARN]: Boat moved wrongly!
[05:00:52] [Server thread/WARN]: Boat moved wrongly!
[05:00:52] [Server thread/WARN]: Boat moved wrongly!
[05:00:52] [Server thread/WARN]: Boat moved wrongly!
[05:00:52] [Server thread/WARN]: Boat moved wrongly!
[05:00:52] [Server thread/WARN]: Boat moved wrongly!
[05:00:52] [Server thread/WARN]: Boat moved wrongly!
[05:00:52] [Server thread/WARN]: Boat moved wrongly!
[05:00:52] [Server thread/WARN]: Boat moved wrongly!
[05:00:52] [Server thread/WARN]: Boat moved wrongly!
[05:00:52] [Server thread/WARN]: Boat moved wrongly!
[05:00:53] [Server thread/WARN]: Boat moved wrongly!
[05:00:53] [Server thread/WARN]: Boat moved wrongly!
[05:00:53] [Server thread/WARN]: Boat moved wrongly!
[05:00:53] [Server thread/WARN]: Boat moved wrongly!
[05:00:53] [Server thread/WARN]: Boat moved wrongly!
[05:00:53] [Server thread/WARN]: Boat moved wrongly!
[05:01:34] [Server thread/WARN]: Boat moved wrongly!
[05:01:35] [Server thread/WARN]: Boat moved wrongly!
[05:02:04] [Server thread/WARN]: N0VA_ow moved wrongly!
[05:02:48] [Server thread/WARN]: Boat moved wrongly!
[05:02:48] [Server thread/WARN]: Boat moved wrongly!
[05:02:56] [Server thread/INFO]: <N0VA_ow> z
[05:03:00] [Server thread/INFO]: <MetYourDestiny> z
[05:03:17] [Server thread/WARN]: Can't keep up! Is the server overloaded? Running 2213ms or 44 ticks behind
[05:03:38] [Server thread/WARN]: Tyler_Long moved wrongly!
[05:03:40] [Server thread/WARN]: Can't keep up! Is the server overloaded? Running 8353ms or 167 ticks behind
[05:03:42] [Server thread/WARN]: wildfire124 moved wrongly!
[05:04:01] [Server thread/WARN]: Tyler_Long moved wrongly!
[05:04:26] [Server thread/WARN]: Can't keep up! Is the server overloaded? Running 2001ms or 40 ticks behind
[05:04:46] [Server thread/WARN]: Can't keep up! Is the server overloaded? Running 5507ms or 110 ticks behind
[05:05:04] [Server thread/WARN]: Can't keep up! Is the server overloaded? Running 2452ms or 49 ticks behind
[05:05:24] [Server thread/WARN]: Can't keep up! Is the server overloaded? Running 5476ms or 109 ticks behind
[05:05:39] [Server thread/WARN]: MetYourDestiny moved wrongly!
[05:05:54] [Server thread/WARN]: Tyler_Long moved too quickly! -9.458961390621482,1.0724278036804407,3.7769236011542944
[05:05:54] [Server thread/WARN]: MetYourDestiny moved too quickly! -10.124230779210166,0.24813599859093927,1.469658226642423
[05:05:54] [Server thread/WARN]: Can't keep up! Is the server overloaded? Running 4320ms or 86 ticks behind
[05:08:28] [Server thread/INFO]: <N0VA_ow> z
[05:08:43] [Server thread/INFO]: <Tyler_Long> z
[05:08:43] [Server thread/INFO]: <bengermany64> z
[05:09:11] [Server thread/INFO]: <Tyler_Long> -198 -2102
[05:09:31] [Server thread/INFO]: <bengermany64> z
[05:10:57] [Server thread/WARN]: MetYourDestiny moved too quickly! -9.75967138930028,0.023088109101550458,-2.3178038333435325
[05:10:57] [Server thread/WARN]: Can't keep up! Is the server overloaded? Running 3007ms or 60 ticks behind
[05:12:15] [Server thread/WARN]: Skipping Entity with id 
[05:15:59] [Server thread/WARN]: Boat (vehicle of MetYourDestiny) moved too quickly! -3.8950316079049685,0.0,9.624063165883854
[05:15:59] [Server thread/WARN]: Boat (vehicle of MetYourDestiny) moved too quickly! -4.022942396339033,0.0,10.002433137642129
[05:15:59] [Server thread/WARN]: Boat (vehicle of MetYourDestiny) moved too quickly! -4.148493866596141,0.0,10.381581881292277
[05:15:59] [Server thread/WARN]: Boat (vehicle of MetYourDestiny) moved too quickly! -4.271766373114076,0.0,10.761473209349788
[05:15:59] [Server thread/WARN]: Boat (vehicle of MetYourDestiny) moved too quickly! -4.392850616398732,0.0,11.142069076903681
[05:15:59] [Server thread/WARN]: Boat (vehicle of MetYourDestiny) moved too quickly! -4.51183923979255,0.0,11.523331872146628
[05:15:59] [Server thread/WARN]: Boat (vehicle of MetYourDestiny) moved too quickly! -4.628826662199401,0.0,11.905224492274556
[05:15:59] [Server thread/WARN]: Boat (vehicle of MetYourDestiny) moved too quickly! -4.7439126472390285,0.0,12.287709443220592
[05:15:59] [Server thread/WARN]: Boat (vehicle of MetYourDestiny) moved too quickly! -4.85719807794402,0.0,12.670749933037314
[05:15:59] [Server thread/WARN]: Boat (vehicle of MetYourDestiny) moved too quickly! -4.968777419383457,0.0,13.05431172021008
[05:15:59] [Server thread/WARN]: Boat (vehicle of MetYourDestiny) moved too quickly! -5.0787505400558075,0.0,13.438360139151882
[05:15:59] [Server thread/WARN]: Boat (vehicle of MetYourDestiny) moved too quickly! -5.187211016163872,0.0,13.822862951478783
[05:15:59] [Server thread/WARN]: Boat (vehicle of MetYourDestiny) moved too quickly! -5.294246764570005,0.0,14.207790125642532
[05:15:59] [Server thread/WARN]: Boat (vehicle of MetYourDestiny) moved too quickly! -5.399948070486516,0.0,14.59311183555701
[05:15:59] [Server thread/WARN]: Boat (vehicle of MetYourDestiny) moved too quickly! -5.504399902854232,0.0,14.978800276620404
[05:15:59] [Server thread/WARN]: Boat (vehicle of MetYourDestiny) moved too quickly! -5.607682450626157,0.0,15.364829471017401
[05:15:59] [Server thread/WARN]: Boat (vehicle of MetYourDestiny) moved too quickly! -5.709875333507455,0.0,15.751174220773464
[05:15:59] [Server thread/WARN]: Boat (vehicle of MetYourDestiny) moved too quickly! -5.811050201780233,0.0,16.13781181045897
[05:15:59] [Server thread/WARN]: Boat (vehicle of MetYourDestiny) moved too quickly! -5.911275264124356,0.0,16.52472087976639
[05:15:59] [Server thread/WARN]: Boat (vehicle of MetYourDestiny) moved too quickly! -6.010619369175174,0.0,16.911880423730963
[05:15:59] [Server thread/WARN]: Boat (vehicle of MetYourDestiny) moved too quickly! -6.1091444760463105,0.0,17.299271519258127
[05:15:59] [Server thread/WARN]: Boat (vehicle of MetYourDestiny) moved too quickly! -6.206906345144546,0.0,17.686877120662302
[05:15:59] [Server thread/WARN]: Boat (vehicle of MetYourDestiny) moved too quickly! -6.303962625385111,0.0,18.07468013221478
[05:15:59] [Server thread/WARN]: Boat (vehicle of MetYourDestiny) moved too quickly! -6.4003651998590385,0.0,18.462665156584535
[05:15:59] [Server thread/WARN]: Boat (vehicle of MetYourDestiny) moved too quickly! -6.496160760552982,0.0,18.850818324998272
[05:15:59] [Server thread/WARN]: Boat (vehicle of MetYourDestiny) moved too quickly! -6.591395064857409,0.0,19.239126287567615
[05:15:59] [Server thread/WARN]: Boat (vehicle of MetYourDestiny) moved too quickly! -6.686109292559934,0.0,19.62757701821738
[05:15:59] [Server thread/WARN]: Can't keep up! Is the server overloaded? Running 2592ms or 51 ticks behind
[05:15:59] [Server thread/WARN]: Boat (vehicle of MetYourDestiny) moved too quickly! -3.0156557729108613,0.0,10.769651870285543
[05:16:00] [Server thread/WARN]: Boat (vehicle of MetYourDestiny) moved too quickly! -3.1094481597026515,0.0,11.15835423894032
[05:16:00] [Server thread/WARN]: Boat (vehicle of MetYourDestiny) moved too quickly! -3.2028310297574194,0.0,11.547167691112008
[05:16:34] [Server thread/WARN]: Can't keep up! Is the server overloaded? Running 2015ms or 40 ticks behind
[05:17:00] [Server thread/WARN]: MetYourDestiny moved wrongly!
[05:17:20] [Server thread/WARN]: Can't keep up! Is the server overloaded? Running 2061ms or 41 ticks behind
[05:17:35] [Server thread/WARN]: MetYourDestiny moved wrongly!
[05:17:40] [Server thread/WARN]: Can't keep up! Is the server overloaded? Running 4617ms or 92 ticks behind
[05:18:13] [Server thread/INFO]: MetYourDestiny drowned
[05:19:27] [Server thread/WARN]: Can't keep up! Is the server overloaded? Running 2024ms or 40 ticks behind
[05:20:02] [Server thread/WARN]: MetYourDestiny moved wrongly!
[05:20:23] [Server thread/WARN]: Can't keep up! Is the server overloaded? Running 2035ms or 40 ticks behind
[05:20:44] [Server thread/WARN]: Can't keep up! Is the server overloaded? Running 5447ms or 108 ticks behind
[05:21:15] [Server thread/INFO]: <bengermany64> z
[05:21:21] [Server thread/WARN]: N0VA_ow moved too quickly! 8.241842332448954,-1.044812420399012,-5.7194995089671465
[05:21:21] [Server thread/WARN]: Can't keep up! Is the server overloaded? Running 3315ms or 66 ticks behind
[05:22:03] [Server thread/WARN]: MetYourDestiny moved wrongly!
[05:22:30] [Server thread/WARN]: MetYourDestiny moved wrongly!
[05:23:15] [Server thread/WARN]: Can't keep up! Is the server overloaded? Running 2087ms or 41 ticks behind
[05:23:16] [Server thread/WARN]: Skipping Entity with id 
[05:23:43] [Server thread/WARN]: Can't keep up! Is the server overloaded? Running 12908ms or 258 ticks behind
[05:24:01] [Server thread/WARN]: Can't keep up! Is the server overloaded? Running 3497ms or 69 ticks behind
[05:24:18] [Server thread/WARN]: Can't keep up! Is the server overloaded? Running 2011ms or 40 ticks behind
[05:25:38] [Server thread/WARN]: Can't keep up! Is the server overloaded? Running 2008ms or 40 ticks behind
[05:26:46] [Server thread/WARN]: Can't keep up! Is the server overloaded? Running 2699ms or 53 ticks behind
[05:27:12] [Server thread/WARN]: Can't keep up! Is the server overloaded? Running 2009ms or 40 ticks behind
[05:28:12] [Server thread/WARN]: Can't keep up! Is the server overloaded? Running 2061ms or 41 ticks behind
[05:28:35] [Server thread/WARN]: Can't keep up! Is the server overloaded? Running 8009ms or 160 ticks behind
[05:28:55] [Server thread/WARN]: Can't keep up! Is the server overloaded? Running 5649ms or 112 ticks behind
[05:28:56] [Server thread/WARN]: wildfire124 moved wrongly!
[05:30:37] [Server thread/WARN]: Can't keep up! Is the server overloaded? Running 2012ms or 40 ticks behind
[05:30:54] [Server thread/WARN]: bengermany64 moved too quickly! -8.740695659848257,0.8787031594607981,5.007864858819175
[05:30:54] [Server thread/WARN]: Can't keep up! Is the server overloaded? Running 2308ms or 46 ticks behind
[05:31:12] [Server thread/WARN]: MetYourDestiny moved wrongly!
[05:31:32] [Server thread/WARN]: MetYourDestiny moved wrongly!
[05:32:11] [Server thread/WARN]: Can't keep up! Is the server overloaded? Running 3644ms or 72 ticks behind
[05:33:03] [Server thread/WARN]: Can't keep up! Is the server overloaded? Running 2010ms or 40 ticks behind
[05:33:24] [Server thread/WARN]: Can't keep up! Is the server overloaded? Running 6765ms or 135 ticks behind
[05:33:32] [Server thread/INFO]: bengermany64 lost connection: Disconnected
[05:33:32] [Server thread/INFO]: bengermany64 left the game
[05:33:43] [Server thread/WARN]: Can't keep up! Is the server overloaded? Running 3802ms or 76 ticks behind
[05:35:00] [Server thread/WARN]: Tyler_Long moved too quickly! -9.278742881568064,-2.681558398058314,3.707931721942714
[05:35:55] [Server thread/WARN]: Can't keep up! Is the server overloaded? Running 2004ms or 40 ticks behind
[05:36:18] [Server thread/WARN]: Can't keep up! Is the server overloaded? Running 8548ms or 170 ticks behind
[05:36:36] [Server thread/WARN]: Can't keep up! Is the server overloaded? Running 2065ms or 41 ticks behind
[05:36:50] [Server thread/INFO]: wildfire124 has made the advancement [Diamonds!]
[05:36:59] [Server thread/WARN]: wildfire124 moved wrongly!
[05:37:40] [Server thread/WARN]: Boat (vehicle of MetYourDestiny) moved too quickly! -1.8055041672574816,0.0,-10.242074968321958
[05:37:40] [Server thread/WARN]: Boat (vehicle of MetYourDestiny) moved too quickly! -1.8749466352289232,0.0,-10.636000928642034
[05:37:40] [Server thread/WARN]: Boat (vehicle of MetYourDestiny) moved too quickly! -1.9443891032003648,0.0,-11.029926888962109
[05:37:40] [Server thread/WARN]: Boat (vehicle of MetYourDestiny) moved too quickly! -2.0138315711718064,0.0,-11.423852849282184
[05:37:40] [Server thread/WARN]: Boat (vehicle of MetYourDestiny) moved too quickly! -2.083274039143248,0.0,-11.81777880960226
[05:37:40] [Server thread/WARN]: Boat (vehicle of MetYourDestiny) moved too quickly! -2.1527165071146896,0.0,-12.211704769922335
[05:37:40] [Server thread/WARN]: Boat (vehicle of MetYourDestiny) moved too quickly! -2.2221589750861312,0.0,-12.60563073024241
[05:37:40] [Server thread/WARN]: Boat (vehicle of MetYourDestiny) moved too quickly! -2.291601443057573,0.0,-12.999556690562486
[05:37:40] [Server thread/WARN]: Boat (vehicle of MetYourDestiny) moved too quickly! -2.3610439110290145,0.0,-13.39348265088256
[05:37:40] [Server thread/WARN]: Boat (vehicle of MetYourDestiny) moved too quickly! -2.430486379000456,0.0,-13.787408611202636
[05:37:40] [Server thread/WARN]: Boat (vehicle of MetYourDestiny) moved too quickly! -2.4999288469718977,0.0,-14.181334571522711
[05:37:40] [Server thread/WARN]: Boat (vehicle of MetYourDestiny) moved too quickly! -2.5693713149433393,0.0,-14.575260531842787
[05:37:40] [Server thread/WARN]: Can't keep up! Is the server overloaded? Running 3185ms or 63 ticks behind
[05:37:40] [Server thread/WARN]: Boat (vehicle of MetYourDestiny) moved too quickly! -1.8055041672574816,0.0,-10.242074968321958
[05:37:40] [Server thread/WARN]: Boat (vehicle of MetYourDestiny) moved too quickly! -1.8749466352289232,0.0,-10.636000928642034
[05:37:40] [Server thread/WARN]: Boat (vehicle of MetYourDestiny) moved too quickly! -1.9443891032003648,0.0,-11.029926888962109
[05:37:40] [Server thread/WARN]: Boat (vehicle of MetYourDestiny) moved too quickly! -2.0138315711718064,0.0,-11.423852849282184
[05:37:40] [Server thread/WARN]: Boat (vehicle of MetYourDestiny) moved too quickly! -2.083274039143248,0.0,-11.81777880960226
[05:37:40] [Server thread/WARN]: Boat (vehicle of MetYourDestiny) moved too quickly! -2.1527165071146896,0.0,-12.211704769922335
[05:37:40] [Server thread/WARN]: Boat (vehicle of MetYourDestiny) moved too quickly! -2.2221589750861312,0.0,-12.60563073024241
[05:37:40] [Server thread/WARN]: Boat (vehicle of MetYourDestiny) moved too quickly! -2.291601443057573,0.0,-12.999556690562486
[05:37:40] [Server thread/WARN]: Boat (vehicle of MetYourDestiny) moved too quickly! -2.3610439110290145,0.0,-13.39348265088256
[05:37:40] [Server thread/WARN]: Boat (vehicle of MetYourDestiny) moved too quickly! -2.430486379000456,0.0,-13.787408611202636
[05:37:40] [Server thread/WARN]: Boat (vehicle of MetYourDestiny) moved too quickly! -2.4999288469718977,0.0,-14.181334571522711
[05:37:40] [Server thread/WARN]: Boat (vehicle of MetYourDestiny) moved too quickly! -2.5693713149433393,0.0,-14.575260531842787
[05:37:40] [Server thread/WARN]: Boat (vehicle of MetYourDestiny) moved too quickly! -2.638813782914781,0.0,-14.969186492162862
[05:37:40] [Server thread/WARN]: Boat (vehicle of MetYourDestiny) moved too quickly! -2.7082562508862225,0.0,-15.363112452482937
[05:37:40] [Server thread/WARN]: Boat (vehicle of MetYourDestiny) moved too quickly! -2.777698718857664,0.0,-15.757038412803013
[05:37:40] [Server thread/WARN]: Boat (vehicle of MetYourDestiny) moved too quickly! -2.8471411868291057,0.0,-16.150964373123088
[05:38:16] [Server thread/WARN]: Can't keep up! Is the server overloaded? Running 2015ms or 40 ticks behind
[05:38:20] [Server thread/WARN]: Tyler_Long moved too quickly! -9.841903758237805,3.419999986886978,1.5582496874399112
[05:38:34] [Server thread/WARN]: Can't keep up! Is the server overloaded? Running 2940ms or 58 ticks behind
[05:38:42] [User Authenticator #47/INFO]: UUID of player bengermany64 is 62c3a8a4-6c00-4fbc-92e1-d4e5d065bf7b
[05:38:42] [Server thread/INFO]: bengermany64[/52.128.53.146:32650] logged in with entity id 256784 at (-161.96333140686136, 64.0, -2077.1850734488107)
[05:38:42] [Server thread/INFO]: bengermany64 joined the game
[05:42:47] [Server thread/WARN]: Can't keep up! Is the server overloaded? Running 2790ms or 55 ticks behind
[05:45:57] [Server thread/WARN]: Can't keep up! Is the server overloaded? Running 2001ms or 40 ticks behind
[05:46:14] [Server thread/WARN]: Can't keep up! Is the server overloaded? Running 2040ms or 40 ticks behind
[05:47:52] [Server thread/WARN]: Can't keep up! Is the server overloaded? Running 2044ms or 40 ticks behind
[05:48:09] [Server thread/WARN]: Fetching packet for removed entity awb['Birch Slab'/260968, l='world', x=-201.42, y=74.15, z=-2085.46]
[05:48:25] [Server thread/WARN]: Can't keep up! Is the server overloaded? Running 17202ms or 344 ticks behind
[05:48:47] [Server thread/WARN]: Can't keep up! Is the server overloaded? Running 6980ms or 139 ticks behind
[05:49:07] [Server thread/WARN]: Can't keep up! Is the server overloaded? Running 5141ms or 102 ticks behind
[05:49:24] [Server thread/WARN]: Can't keep up! Is the server overloaded? Running 2137ms or 42 ticks behind
[05:51:26] [Server thread/WARN]: Can't keep up! Is the server overloaded? Running 2004ms or 40 ticks behind
[05:51:51] [Server thread/WARN]: Can't keep up! Is the server overloaded? Running 10076ms or 201 ticks behind
[05:53:09] [Server thread/WARN]: Can't keep up! Is the server overloaded? Running 2001ms or 40 ticks behind
[05:53:41] [Server thread/WARN]: Can't keep up! Is the server overloaded? Running 2751ms or 55 ticks behind
[05:58:44] [Server thread/WARN]: N0VA_ow moved too quickly! -8.650902814186423,-5.020679542666713,1.0760742652187218
[05:58:44] [Server thread/WARN]: Can't keep up! Is the server overloaded? Running 2838ms or 56 ticks behind
[06:03:28] [Server thread/WARN]: Mismatch in destroy block pos: fk{x=-147, y=62, z=-2131} fk{x=-147, y=61, z=-2131}
[06:03:47] [Server thread/WARN]: Can't keep up! Is the server overloaded? Running 2591ms or 51 ticks behind
[06:03:47] [Server thread/WARN]: wildfire124 moved too quickly! -10.040474752244052,0.5061351021062137,0.9736016356296204
[06:07:12] [Server thread/INFO]: bengermany64 has made the advancement [A Seedy Place]
[06:08:49] [Server thread/WARN]: Can't keep up! Is the server overloaded? Running 2513ms or 50 ticks behind
[06:28:20] [Server thread/INFO]: <bengermany64> z
[06:28:51] [Server thread/INFO]: <Tyler_Long> z
[06:28:53] [Server thread/INFO]: N0VA_ow lost connection: Disconnected
[06:28:53] [Server thread/INFO]: N0VA_ow left the game
[06:28:56] [Server thread/INFO]: MetYourDestiny lost connection: Disconnected
[06:28:56] [Server thread/INFO]: MetYourDestiny left the game
[06:29:56] [User Authenticator #48/INFO]: UUID of player N0VA_ow is 06569aed-1c53-4a5f-9780-294e986feeb0
[06:29:56] [Server thread/INFO]: N0VA_ow[/76.164.110.125:60075] logged in with entity id 279461 at (-285.13847620205604, 21.0, -2193.9839692702785)
[06:29:56] [Server thread/INFO]: N0VA_ow joined the game
[06:30:00] [User Authenticator #49/INFO]: UUID of player MetYourDestiny is 194a5dc7-0870-43a1-aedd-d15eb1426f83
[06:30:00] [Server thread/INFO]: MetYourDestiny[/24.253.251.220:62303] logged in with entity id 279496 at (-158.8422022392978, 64.0, -2112.300000011921)
[06:30:00] [Server thread/INFO]: MetYourDestiny joined the game
[06:33:08] [Server thread/INFO]: N0VA_ow has made the advancement [Ice Bucket Challenge]
